<?xml version="1.0" encoding="UTF-8"?>
<!-- Generated by org.testng.reporters.JUnitXMLReporter -->
<testsuite ignored="0" hostname="Bikash" failures="1" tests="2" name="Surefire test" time="0.102" errors="0" timestamp="2024-08-27T13:22:26 IST">
  <testcase classname="com.demo.Testing" name="first" time="0.016">
    <failure type="java.lang.AssertionError" message="expected [B] but found [A]">
      <![CDATA[java.lang.AssertionError: expected [B] but found [A]
at com.demo.Testing.first(Testing.java:15)
at java.base/java.util.ArrayList.forEach(ArrayList.java:1511)
... Removed 38 stack frames]]>
    </failure>
  </testcase> <!-- first -->
  <testcase classname="com.demo.Testing" name="Second" time="0.0"/>
</testsuite> <!-- Surefire test -->
