<?xml version="1.0" encoding="UTF-8"?>
<testng-results ignored="0" total="1" passed="1" failed="0" skipped="0">
  <reporter-output>
  </reporter-output>
  <suite started-at="2024-09-25T16:33:34 IST" name="Default suite" finished-at="2024-09-25T16:33:44 IST" duration-ms="9739">
    <groups>
    </groups>
    <test started-at="2024-09-25T16:33:34 IST" name="Default test" finished-at="2024-09-25T16:33:44 IST" duration-ms="9739">
      <class name="ReadingExcel">
        <test-method signature="readingExcel()[pri:0, instance:ReadingExcel@45752059]" started-at="2024-09-25T16:33:34 IST" name="readingExcel" finished-at="2024-09-25T16:33:44 IST" duration-ms="9679" status="PASS">
          <reporter-output>
          </reporter-output>
        </test-method> <!-- readingExcel -->
      </class> <!-- ReadingExcel -->
    </test> <!-- Default test -->
  </suite> <!-- Default suite -->
</testng-results>
